2023-06-18 05:50:47,705 - parking.py[line:73] - INFO: park init start!
2023-06-18 05:50:47,706 - parking.py[line:81] - INFO: redis connect success!
2023-06-18 05:50:47,730 - parking.py[line:98] - INFO: park init end!
2023-06-18 05:50:47,730 - parking.py[line:273] - INFO: car plate: 皖A12340 park in A01
2023-06-18 05:50:47,731 - parking.py[line:273] - INFO: car plate: 皖A12341 park in A02
2023-06-18 05:50:47,732 - parking.py[line:273] - INFO: car plate: 皖A12342 park in A03
2023-06-18 05:50:47,733 - parking.py[line:273] - INFO: car plate: 皖A12343 park in E01
2023-06-18 05:50:47,734 - parking.py[line:273] - INFO: car plate: 皖A12344 park in E02
2023-06-18 05:50:47,735 - parking.py[line:273] - INFO: car plate: 皖A12345 park in A04
2023-06-18 05:50:47,737 - parking.py[line:273] - INFO: car plate: 皖A12346 park in E03
2023-06-18 05:50:47,738 - parking.py[line:383] - INFO: 16
2023-06-18 05:50:47,738 - parking.py[line:387] - INFO: creat epoll success!
2023-06-18 05:50:58,439 - parking.py[line:399] - INFO: Connected by ('172.24.64.1', 60746)
2023-06-18 05:50:58,441 - parking.py[line:290] - INFO: video saver open success
2023-06-18 05:51:11,996 - parking.py[line:193] - INFO: connect to enter success
2023-06-18 05:51:12,007 - parking.py[line:290] - INFO: video saver open success
2023-06-18 05:51:12,780 - parking.py[line:214] - INFO: car plate: 京AF0236 enter park
2023-06-18 05:51:12,781 - parking.py[line:273] - INFO: car plate: 京AF0236 park in A05
2023-06-18 05:51:12,801 - parking.py[line:231] - INFO: msg send to enter success
2023-06-18 05:51:13,237 - parking.py[line:233] - INFO: car plate: 京AF0236 repeat!
2023-06-18 05:51:14,265 - parking.py[line:233] - INFO: car plate: 京AF0236 repeat!
2023-06-18 05:51:14,848 - parking.py[line:233] - INFO: car plate: 京AF0236 repeat!
2023-06-18 05:51:14,967 - parking.py[line:233] - INFO: car plate: 京AF0236 repeat!
2023-06-18 05:51:15,223 - parking.py[line:233] - INFO: car plate: 京AF0236 repeat!
2023-06-18 05:51:15,737 - parking.py[line:233] - INFO: car plate: 京AF0236 repeat!
2023-06-18 05:51:16,239 - parking.py[line:233] - INFO: car plate: 京AF0236 repeat!
2023-06-18 05:51:16,728 - parking.py[line:233] - INFO: car plate: 京AF0236 repeat!
2023-06-18 05:51:17,249 - parking.py[line:233] - INFO: car plate: 京AF0236 repeat!
2023-06-18 05:51:40,731 - parking.py[line:415] - INFO: Disconnected by ('172.24.64.1', 60746)
2023-06-18 05:51:44,986 - parking.py[line:399] - INFO: Connected by ('172.24.64.1', 60750)
2023-06-18 05:51:44,987 - parking.py[line:290] - INFO: video saver open success
2023-06-18 05:52:21,096 - parking.py[line:415] - INFO: Disconnected by ('172.24.64.1', 60750)
