2023-06-18 06:16:28,739 - parking.py[line:73] - INFO: park init start!
2023-06-18 06:16:28,741 - parking.py[line:81] - INFO: redis connect success!
2023-06-18 06:16:28,764 - parking.py[line:98] - INFO: park init end!
2023-06-18 06:16:28,764 - parking.py[line:273] - INFO: car plate: 皖A12340 park in A01
2023-06-18 06:16:28,765 - parking.py[line:273] - INFO: car plate: 皖A12341 park in A02
2023-06-18 06:16:28,766 - parking.py[line:273] - INFO: car plate: 皖A12342 park in A03
2023-06-18 06:16:28,767 - parking.py[line:273] - INFO: car plate: 皖A12343 park in E01
2023-06-18 06:16:28,768 - parking.py[line:273] - INFO: car plate: 皖A12344 park in E02
2023-06-18 06:16:28,769 - parking.py[line:273] - INFO: car plate: 皖A12345 park in A04
2023-06-18 06:16:28,771 - parking.py[line:273] - INFO: car plate: 皖A12346 park in E03
2023-06-18 06:16:28,782 - parking.py[line:389] - INFO: 16
2023-06-18 06:16:28,782 - parking.py[line:393] - INFO: creat epoll success!
2023-06-18 06:16:53,034 - parking.py[line:193] - INFO: connect to enter success
2023-06-18 06:16:53,041 - parking.py[line:290] - INFO: video saver open success
2023-06-18 06:16:57,361 - parking.py[line:308] - INFO: Exit Connected by('172.24.64.1', 61075)
2023-06-18 06:16:57,363 - parking.py[line:290] - INFO: video saver open success
2023-06-18 06:16:59,362 - parking.py[line:214] - INFO: car plate: 京AF0236 enter park
2023-06-18 06:16:59,364 - parking.py[line:273] - INFO: car plate: 京AF0236 park in A05
2023-06-18 06:16:59,397 - parking.py[line:231] - INFO: msg send to enter success
2023-06-18 06:17:00,800 - parking.py[line:233] - INFO: car plate: 京AF0236 repeat!
2023-06-18 06:17:00,929 - parking.py[line:233] - INFO: car plate: 京AF0236 repeat!
2023-06-18 06:17:02,298 - parking.py[line:233] - INFO: car plate: 京AF0236 repeat!
2023-06-18 06:17:02,441 - parking.py[line:233] - INFO: car plate: 京AF0236 repeat!
2023-06-18 06:17:12,135 - parking.py[line:329] - INFO: car plate: 京AF0236 enter park
2023-06-18 06:17:12,136 - parking.py[line:160] - INFO: car plate: 京AF0236 leave park
2023-06-18 06:17:12,136 - parking.py[line:334] - INFO: delete start
2023-06-18 06:17:12,153 - parking.py[line:336] - INFO: create ParkingLot
2023-06-18 06:17:12,153 - parking.py[line:338] - INFO: datetime get success
2023-06-18 06:17:12,153 - parking.py[line:350] - ERROR: can't subtract offset-naive and offset-aware datetimes
2023-06-18 06:17:15,559 - parking.py[line:352] - INFO: car plate: 京AF0236 repeat!
2023-06-18 06:17:17,570 - parking.py[line:352] - INFO: car plate: 京AF0236 repeat!
2023-06-18 06:17:18,069 - parking.py[line:352] - INFO: car plate: 京AF0236 repeat!
2023-06-18 06:17:19,069 - parking.py[line:352] - INFO: car plate: 京AF0236 repeat!
2023-06-18 06:17:19,554 - parking.py[line:352] - INFO: car plate: 京AF0236 repeat!
