2023-06-18 06:03:03,985 - parking.py[line:73] - INFO: park init start!
2023-06-18 06:03:03,986 - parking.py[line:81] - INFO: redis connect success!
2023-06-18 06:03:04,011 - parking.py[line:98] - INFO: park init end!
2023-06-18 06:03:04,012 - parking.py[line:273] - INFO: car plate: 皖A12340 park in A01
2023-06-18 06:03:04,013 - parking.py[line:273] - INFO: car plate: 皖A12341 park in A02
2023-06-18 06:03:04,014 - parking.py[line:273] - INFO: car plate: 皖A12342 park in A03
2023-06-18 06:03:04,015 - parking.py[line:273] - INFO: car plate: 皖A12343 park in E01
2023-06-18 06:03:04,017 - parking.py[line:273] - INFO: car plate: 皖A12344 park in E02
2023-06-18 06:03:04,018 - parking.py[line:273] - INFO: car plate: 皖A12345 park in A04
2023-06-18 06:03:04,019 - parking.py[line:273] - INFO: car plate: 皖A12346 park in E03
2023-06-18 06:03:04,021 - parking.py[line:383] - INFO: 15
2023-06-18 06:03:04,021 - parking.py[line:387] - INFO: creat epoll success!
2023-06-18 06:03:09,882 - parking.py[line:193] - INFO: connect to enter success
2023-06-18 06:03:09,883 - parking.py[line:290] - INFO: video saver open success
2023-06-18 06:03:28,906 - parking.py[line:399] - INFO: Connected by ('172.24.64.1', 60899)
2023-06-18 06:03:28,906 - parking.py[line:290] - INFO: video saver open success
2023-06-18 06:03:32,818 - parking.py[line:441] - ERROR: no plate in img
2023-06-18 06:03:33,726 - parking.py[line:441] - ERROR: no plate in img
2023-06-18 06:03:34,628 - parking.py[line:441] - ERROR: no plate in img
2023-06-18 06:03:35,928 - parking.py[line:441] - ERROR: no plate in img
2023-06-18 06:03:36,845 - parking.py[line:441] - ERROR: no plate in img
2023-06-18 06:03:37,798 - parking.py[line:441] - ERROR: no plate in img
2023-06-18 06:03:38,769 - parking.py[line:441] - ERROR: no plate in img
2023-06-18 06:03:48,075 - parking.py[line:399] - INFO: Connected by ('172.24.64.1', 60901)
2023-06-18 06:03:48,076 - parking.py[line:290] - INFO: video saver open success
2023-06-18 06:03:50,092 - parking.py[line:441] - ERROR: no plate in img
2023-06-18 06:03:51,025 - parking.py[line:441] - ERROR: no plate in img
2023-06-18 06:03:51,861 - parking.py[line:441] - ERROR: no plate in img
2023-06-18 06:03:52,772 - parking.py[line:441] - ERROR: no plate in img
2023-06-18 06:03:53,696 - parking.py[line:441] - ERROR: no plate in img
2023-06-18 06:03:54,594 - parking.py[line:441] - ERROR: no plate in img
2023-06-18 06:03:56,064 - parking.py[line:441] - ERROR: no plate in img
2023-06-18 06:04:06,523 - parking.py[line:441] - ERROR: no plate in img
2023-06-18 06:04:07,520 - parking.py[line:441] - ERROR: no plate in img
2023-06-18 06:04:07,591 - parking.py[line:441] - ERROR: no plate in img
2023-06-18 06:04:08,962 - parking.py[line:441] - ERROR: no plate in img
2023-06-18 06:04:09,459 - parking.py[line:441] - ERROR: no plate in img
2023-06-18 06:04:10,432 - parking.py[line:439] - ERROR: no location of Redis
2023-06-18 06:04:11,312 - parking.py[line:439] - ERROR: no location of Redis
2023-06-18 06:04:18,109 - parking.py[line:439] - ERROR: no location of Redis
2023-06-18 06:04:19,016 - parking.py[line:439] - ERROR: no location of Redis
2023-06-18 06:04:19,904 - parking.py[line:439] - ERROR: no location of Redis
2023-06-18 06:04:20,801 - parking.py[line:439] - ERROR: no location of Redis
