2023-06-18 14:44:18,259 - parking.py[line:73] - INFO: park init start!
2023-06-18 14:44:18,261 - parking.py[line:81] - INFO: redis connect success!
2023-06-18 14:44:18,283 - parking.py[line:98] - INFO: park init end!
2023-06-18 14:44:18,283 - parking.py[line:273] - INFO: car plate: 皖A12340 park in A01
2023-06-18 14:44:18,285 - parking.py[line:273] - INFO: car plate: 皖A12341 park in A02
2023-06-18 14:44:18,286 - parking.py[line:273] - INFO: car plate: 皖A12342 park in A03
2023-06-18 14:44:18,287 - parking.py[line:273] - INFO: car plate: 皖A12343 park in E01
2023-06-18 14:44:18,288 - parking.py[line:273] - INFO: car plate: 皖A12344 park in E02
2023-06-18 14:44:18,289 - parking.py[line:273] - INFO: car plate: 皖A12345 park in A04
2023-06-18 14:44:18,291 - parking.py[line:273] - INFO: car plate: 皖A12346 park in E03
2023-06-18 14:44:18,292 - parking.py[line:394] - INFO: 16
2023-06-18 14:44:18,292 - parking.py[line:398] - INFO: creat epoll success!
2023-06-18 14:44:33,891 - parking.py[line:193] - INFO: connect to enter success
2023-06-18 14:44:33,893 - parking.py[line:290] - INFO: video saver open success
2023-06-18 14:44:37,095 - parking.py[line:214] - INFO: car plate: 京AF0236 enter park
2023-06-18 14:44:37,097 - parking.py[line:273] - INFO: car plate: 京AF0236 park in A05
2023-06-18 14:44:37,121 - parking.py[line:231] - INFO: msg send to enter success
2023-06-18 14:44:37,568 - parking.py[line:233] - INFO: car plate: 京AF0236 repeat!
2023-06-18 14:44:51,134 - parking.py[line:308] - INFO: Exit Connected by('172.24.64.1', 58230)
2023-06-18 14:44:51,135 - parking.py[line:290] - INFO: video saver open success
2023-06-18 14:44:53,396 - parking.py[line:329] - INFO: car plate: 京AF0236 enter park
2023-06-18 14:44:53,397 - parking.py[line:160] - INFO: car plate: 京AF0236 leave park
2023-06-18 14:44:53,398 - parking.py[line:334] - INFO: delete start
