2023-06-18 06:01:50,935 - parking.py[line:73] - INFO: park init start!
2023-06-18 06:01:50,937 - parking.py[line:81] - INFO: redis connect success!
2023-06-18 06:01:50,962 - parking.py[line:98] - INFO: park init end!
2023-06-18 06:01:50,963 - parking.py[line:273] - INFO: car plate: 皖A12340 park in A01
2023-06-18 06:01:50,964 - parking.py[line:273] - INFO: car plate: 皖A12341 park in A02
2023-06-18 06:01:50,965 - parking.py[line:273] - INFO: car plate: 皖A12342 park in A03
2023-06-18 06:01:50,966 - parking.py[line:273] - INFO: car plate: 皖A12343 park in E01
2023-06-18 06:01:50,967 - parking.py[line:273] - INFO: car plate: 皖A12344 park in E02
2023-06-18 06:01:50,968 - parking.py[line:273] - INFO: car plate: 皖A12345 park in A04
2023-06-18 06:01:50,969 - parking.py[line:273] - INFO: car plate: 皖A12346 park in E03
2023-06-18 06:01:50,970 - parking.py[line:383] - INFO: 14
2023-06-18 06:01:50,970 - parking.py[line:387] - INFO: creat epoll success!
2023-06-18 06:02:03,203 - parking.py[line:193] - INFO: connect to enter success
2023-06-18 06:02:03,207 - parking.py[line:290] - INFO: video saver open success
2023-06-18 06:02:05,970 - parking.py[line:214] - INFO: car plate: 京AF0236 enter park
2023-06-18 06:02:05,973 - parking.py[line:273] - INFO: car plate: 京AF0236 park in A05
2023-06-18 06:02:05,999 - parking.py[line:231] - INFO: msg send to enter success
2023-06-18 06:02:06,969 - parking.py[line:233] - INFO: car plate: 京AF0236 repeat!
2023-06-18 06:02:07,449 - parking.py[line:233] - INFO: car plate: 京AF0236 repeat!
2023-06-18 06:02:07,936 - parking.py[line:233] - INFO: car plate: 京AF0236 repeat!
2023-06-18 06:02:14,209 - parking.py[line:399] - INFO: Connected by ('172.24.64.1', 60891)
2023-06-18 06:02:14,210 - parking.py[line:290] - INFO: video saver open success
