2023-06-18 14:59:08,567 - parking.py[line:73] - INFO: park init start!
2023-06-18 14:59:08,577 - parking.py[line:81] - INFO: redis connect success!
2023-06-18 14:59:08,605 - parking.py[line:98] - INFO: park init end!
2023-06-18 14:59:08,606 - parking.py[line:273] - INFO: car plate: 皖A12340 park in A01
2023-06-18 14:59:08,607 - parking.py[line:273] - INFO: car plate: 皖A12341 park in A02
2023-06-18 14:59:08,608 - parking.py[line:273] - INFO: car plate: 皖A12342 park in A03
2023-06-18 14:59:08,609 - parking.py[line:273] - INFO: car plate: 皖A12343 park in E01
2023-06-18 14:59:08,610 - parking.py[line:273] - INFO: car plate: 皖A12344 park in E02
2023-06-18 14:59:08,611 - parking.py[line:273] - INFO: car plate: 皖A12345 park in A04
2023-06-18 14:59:08,612 - parking.py[line:273] - INFO: car plate: 皖A12346 park in E03
2023-06-18 14:59:08,615 - parking.py[line:394] - INFO: 14
2023-06-18 14:59:08,616 - parking.py[line:398] - INFO: creat epoll success!
2023-06-18 14:59:17,751 - parking.py[line:193] - INFO: connect to enter success
2023-06-18 14:59:17,770 - parking.py[line:290] - INFO: video saver open success
2023-06-18 14:59:21,535 - parking.py[line:214] - INFO: car plate: 京AF0236 enter park
2023-06-18 14:59:21,537 - parking.py[line:273] - INFO: car plate: 京AF0236 park in A05
2023-06-18 14:59:21,585 - parking.py[line:231] - INFO: msg send to enter success
2023-06-18 14:59:22,011 - parking.py[line:233] - INFO: car plate: 京AF0236 repeat!
2023-06-18 14:59:22,509 - parking.py[line:233] - INFO: car plate: 京AF0236 repeat!
2023-06-18 14:59:30,298 - parking.py[line:308] - INFO: Exit Connected by('172.24.64.1', 59054)
2023-06-18 14:59:30,311 - parking.py[line:290] - INFO: video saver open success
2023-06-18 14:59:30,602 - parking.py[line:329] - INFO: car plate: 京AF0236 enter park
2023-06-18 14:59:30,603 - parking.py[line:160] - INFO: car plate: 京AF0236 leave park
2023-06-18 14:59:30,604 - parking.py[line:334] - INFO: delete start
2023-06-18 14:59:30,617 - parking.py[line:336] - INFO: create ParkingLot
2023-06-18 14:59:30,618 - parking.py[line:338] - INFO: datetime get success
