2023-06-18 15:00:00,703 - parking.py[line:73] - INFO: park init start!
2023-06-18 15:00:00,705 - parking.py[line:81] - INFO: redis connect success!
2023-06-18 15:00:00,734 - parking.py[line:98] - INFO: park init end!
2023-06-18 15:00:00,735 - parking.py[line:273] - INFO: car plate: 皖A12340 park in A01
2023-06-18 15:00:00,736 - parking.py[line:273] - INFO: car plate: 皖A12341 park in A02
2023-06-18 15:00:00,737 - parking.py[line:273] - INFO: car plate: 皖A12342 park in A03
2023-06-18 15:00:00,737 - parking.py[line:273] - INFO: car plate: 皖A12343 park in E01
2023-06-18 15:00:00,738 - parking.py[line:273] - INFO: car plate: 皖A12344 park in E02
2023-06-18 15:00:00,739 - parking.py[line:273] - INFO: car plate: 皖A12345 park in A04
2023-06-18 15:00:00,741 - parking.py[line:273] - INFO: car plate: 皖A12346 park in E03
2023-06-18 15:07:30,582 - parking.py[line:193] - INFO: connect to enter success
2023-06-18 15:07:30,584 - parking.py[line:290] - INFO: video saver open success
2023-06-18 15:07:33,910 - parking.py[line:214] - INFO: car plate: 京AF0236 enter park
2023-06-18 15:07:33,911 - parking.py[line:273] - INFO: car plate: 京AF0236 park in A05
2023-06-18 15:07:33,932 - parking.py[line:231] - INFO: msg send to enter success
2023-06-18 15:07:41,204 - parking.py[line:308] - INFO: Exit Connected by('172.24.64.1', 60498)
2023-06-18 15:07:41,209 - parking.py[line:290] - INFO: video saver open success
2023-06-18 15:07:42,039 - parking.py[line:329] - INFO: car plate: 京AF0236 enter park
2023-06-18 15:07:42,040 - parking.py[line:160] - INFO: car plate: 京AF0236 leave park
2023-06-18 15:07:42,040 - parking.py[line:334] - INFO: delete start
