2023-06-18 15:16:09,513 - parking.py[line:73] - INFO: park init start!
2023-06-18 15:16:09,516 - parking.py[line:81] - INFO: redis connect success!
2023-06-18 15:16:09,547 - parking.py[line:98] - INFO: park init end!
2023-06-18 15:16:09,548 - parking.py[line:273] - INFO: car plate: 皖A12340 park in A01
2023-06-18 15:16:09,549 - parking.py[line:273] - INFO: car plate: 皖A12341 park in A02
2023-06-18 15:16:09,550 - parking.py[line:273] - INFO: car plate: 皖A12342 park in A03
2023-06-18 15:16:09,551 - parking.py[line:273] - INFO: car plate: 皖A12343 park in E01
2023-06-18 15:16:09,552 - parking.py[line:273] - INFO: car plate: 皖A12344 park in E02
2023-06-18 15:16:09,554 - parking.py[line:273] - INFO: car plate: 皖A12345 park in A04
2023-06-18 15:16:09,555 - parking.py[line:273] - INFO: car plate: 皖A12346 park in E03
2023-06-18 15:16:09,556 - parking.py[line:398] - INFO: 15
2023-06-18 15:16:09,557 - parking.py[line:402] - INFO: creat epoll success!
2023-06-18 15:16:57,301 - parking.py[line:193] - INFO: connect to enter success
2023-06-18 15:16:57,318 - parking.py[line:290] - INFO: video saver open success
2023-06-18 15:16:59,761 - parking.py[line:308] - INFO: Exit Connected by('172.24.64.1', 61504)
2023-06-18 15:16:59,771 - parking.py[line:290] - INFO: video saver open success
2023-06-18 15:17:01,117 - parking.py[line:214] - INFO: car plate: 京AF0236 enter park
2023-06-18 15:17:01,120 - parking.py[line:273] - INFO: car plate: 京AF0236 park in A05
2023-06-18 15:17:01,172 - parking.py[line:231] - INFO: msg send to enter success
2023-06-18 15:17:01,602 - parking.py[line:233] - INFO: car plate: 京AF0236 repeat!
2023-06-18 15:17:02,064 - parking.py[line:233] - INFO: car plate: 京AF0236 repeat!
2023-06-18 15:17:02,527 - parking.py[line:233] - INFO: car plate: 京AF0236 repeat!
2023-06-18 15:17:05,511 - parking.py[line:329] - INFO: car plate: 京AF0236 enter park
2023-06-18 15:17:05,512 - parking.py[line:160] - INFO: car plate: 京AF0236 leave park
2023-06-18 15:17:05,513 - parking.py[line:334] - INFO: delete start
2023-06-18 15:17:05,523 - parking.py[line:338] - INFO: create ParkingLot
2023-06-18 15:17:05,523 - parking.py[line:340] - INFO: datetime get success
