2023-06-18 05:48:58,250 - parking.py[line:73] - INFO: park init start!
2023-06-18 05:48:58,262 - parking.py[line:81] - INFO: redis connect success!
2023-06-18 05:48:58,286 - parking.py[line:98] - INFO: park init end!
2023-06-18 05:48:58,287 - parking.py[line:273] - INFO: car plate: 皖A12340 park in A01
2023-06-18 05:48:58,287 - parking.py[line:273] - INFO: car plate: 皖A12341 park in A02
2023-06-18 05:48:58,288 - parking.py[line:273] - INFO: car plate: 皖A12342 park in A03
2023-06-18 05:48:58,289 - parking.py[line:273] - INFO: car plate: 皖A12343 park in E01
2023-06-18 05:48:58,290 - parking.py[line:273] - INFO: car plate: 皖A12344 park in E02
2023-06-18 05:48:58,291 - parking.py[line:273] - INFO: car plate: 皖A12345 park in A04
2023-06-18 05:48:58,292 - parking.py[line:273] - INFO: car plate: 皖A12346 park in E03
2023-06-18 05:48:58,294 - parking.py[line:383] - INFO: 16
2023-06-18 05:48:58,294 - parking.py[line:387] - INFO: creat epoll success!
2023-06-18 05:49:02,623 - parking.py[line:193] - INFO: connect to enter success
2023-06-18 05:49:02,624 - parking.py[line:290] - INFO: video saver open success
2023-06-18 05:49:04,332 - parking.py[line:214] - INFO: car plate: 京AF0236 enter park
2023-06-18 05:49:04,334 - parking.py[line:273] - INFO: car plate: 京AF0236 park in A05
2023-06-18 05:49:04,374 - parking.py[line:231] - INFO: msg send to enter success
2023-06-18 05:49:04,805 - parking.py[line:233] - INFO: car plate: 京AF0236 repeat!
2023-06-18 05:49:05,298 - parking.py[line:233] - INFO: car plate: 京AF0236 repeat!
2023-06-18 05:49:09,896 - parking.py[line:233] - INFO: car plate: 京AF0236 repeat!
2023-06-18 05:49:13,896 - parking.py[line:233] - INFO: car plate: 京AF0236 repeat!
2023-06-18 05:49:15,016 - parking.py[line:233] - INFO: car plate: 京AF0236 repeat!
2023-06-18 05:49:15,885 - parking.py[line:233] - INFO: car plate: 京AF0236 repeat!
2023-06-18 05:49:16,371 - parking.py[line:233] - INFO: car plate: 京AF0236 repeat!
2023-06-18 05:49:25,917 - parking.py[line:399] - INFO: Connected by ('172.24.64.1', 60738)
2023-06-18 05:49:25,917 - parking.py[line:290] - INFO: video saver open success
